<?xml version="1.0" encoding="UTF-8"?>
<robot generator="Robot 6.0.2 (Python 3.11.2 on win32)" generated="20230511 18:33:18.503" rpa="false" schemaversion="3">
<suite id="s1" name="WebParkingParkingPrice" source="C:\Users\Ravi Singavarapu\PycharmProjects\RobotFrameWorkProject\PageObjectModel\WebParkingParkingPrice.robot">
<test id="s1-t1" name="WebParking Test" line="13">
<kw name="Set Selenium Speed" library="SeleniumLibrary">
<arg>1</arg>
<doc>Sets the delay that is waited after each Selenium command.</doc>
<status status="PASS" starttime="20230511 18:33:18.866" endtime="20230511 18:33:18.866"/>
</kw>
<kw name="open my browser" library="PageObjectresources">
<arg>${LOGIN URL}</arg>
<arg>${BROWSER}</arg>
<kw name="Open Browser" library="SeleniumLibrary">
<arg>${LOGIN URL}</arg>
<arg>${BROWSER}</arg>
<doc>Opens a new browser instance to the optional ``url``.</doc>
<msg timestamp="20230511 18:33:18.868" level="INFO">Opening browser 'Firefox' to base url 'https://practice.expandtesting.com/'.</msg>
<msg timestamp="20230511 18:33:18.884" level="INFO">Executing: C:\Users\Ravi Singavarapu\PycharmProjects\RobotFrameWorkProject\venv\Lib\site-packages\selenium\webdriver\common\windows\selenium-manager.exe --browser firefox --output json</msg>
<status status="PASS" starttime="20230511 18:33:18.867" endtime="20230511 18:33:28.173"/>
</kw>
<kw name="Maximize Browser Window" library="SeleniumLibrary">
<doc>Maximizes current browser window.</doc>
<status status="PASS" starttime="20230511 18:33:28.173" endtime="20230511 18:33:29.449"/>
</kw>
<status status="PASS" starttime="20230511 18:33:18.867" endtime="20230511 18:33:29.449"/>
</kw>
<kw name="Click on demo apps" library="PageObjectresources">
<kw name="Scrolling using JsExecutor" library="PageObjectresources">
<kw name="Sleep" library="BuiltIn">
<arg>2</arg>
<doc>Pauses the test executed for the given time.</doc>
<msg timestamp="20230511 18:33:31.450" level="INFO">Slept 2 seconds</msg>
<status status="PASS" starttime="20230511 18:33:29.450" endtime="20230511 18:33:31.450"/>
</kw>
<kw name="Execute Javascript" library="SeleniumLibrary">
<arg>window.scrollTo(0,2690)</arg>
<doc>Executes the given JavaScript code with possible arguments.</doc>
<msg timestamp="20230511 18:33:31.451" level="INFO">Executing JavaScript:
window.scrollTo(0,2690)
Without any arguments.</msg>
<status status="PASS" starttime="20230511 18:33:31.450" endtime="20230511 18:33:32.465"/>
</kw>
<kw name="Sleep" library="BuiltIn">
<arg>2</arg>
<doc>Pauses the test executed for the given time.</doc>
<msg timestamp="20230511 18:33:34.466" level="INFO">Slept 2 seconds</msg>
<status status="PASS" starttime="20230511 18:33:32.466" endtime="20230511 18:33:34.466"/>
</kw>
<status status="PASS" starttime="20230511 18:33:29.450" endtime="20230511 18:33:34.466"/>
</kw>
<kw name="Click Link" library="SeleniumLibrary">
<arg>${webParkingLink}</arg>
<doc>Clicks a link identified by ``locator``.</doc>
<msg timestamp="20230511 18:33:34.467" level="INFO">Clicking link 'Web Parking'.</msg>
<status status="PASS" starttime="20230511 18:33:34.466" endtime="20230511 18:33:38.129"/>
</kw>
<status status="PASS" starttime="20230511 18:33:29.449" endtime="20230511 18:33:38.129"/>
</kw>
<kw name="SelectingPracking Slot" library="PageObjectresources">
<kw name="Select From List By Value" library="SeleniumLibrary">
<arg>${chooseParkinglot}</arg>
<arg>${value1}</arg>
<doc>Selects options from selection list ``locator`` by ``values``.</doc>
<msg timestamp="20230511 18:33:38.130" level="INFO">Selecting options from selection list 'parkingLot' by value ShortTerm.</msg>
<status status="PASS" starttime="20230511 18:33:38.130" endtime="20230511 18:33:45.399"/>
</kw>
<status status="PASS" starttime="20230511 18:33:38.129" endtime="20230511 18:33:45.399"/>
</kw>
<kw name="DateEntry" library="PageObjectresources">
<arg>${IdataDate}</arg>
<kw name="Input Text" library="SeleniumLibrary">
<arg>${entryDate}</arg>
<arg>${EDate}</arg>
<doc>Types the given ``text`` into the text field identified by ``locator``.</doc>
<msg timestamp="20230511 18:33:45.400" level="INFO">Typing text '2023/05/22' into text field 'id:entryDate'.</msg>
<status status="PASS" starttime="20230511 18:33:45.400" endtime="20230511 18:33:48.455"/>
</kw>
<status status="PASS" starttime="20230511 18:33:45.399" endtime="20230511 18:33:48.455"/>
</kw>
<kw name="TimeEntry" library="PageObjectresources">
<arg>${IdataTime}</arg>
<kw name="Input Text" library="SeleniumLibrary">
<arg>${entryTime}</arg>
<arg>${inTime}</arg>
<doc>Types the given ``text`` into the text field identified by ``locator``.</doc>
<msg timestamp="20230511 18:33:48.457" level="INFO">Typing text '16:20' into text field 'id:entryTime'.</msg>
<status status="PASS" starttime="20230511 18:33:48.456" endtime="20230511 18:33:51.507"/>
</kw>
<status status="PASS" starttime="20230511 18:33:48.456" endtime="20230511 18:33:51.507"/>
</kw>
<kw name="ExitDate" library="PageObjectresources">
<arg>${EdataDate}</arg>
<kw name="Input Text" library="SeleniumLibrary">
<arg>${exitdate}</arg>
<arg>${outDate}</arg>
<doc>Types the given ``text`` into the text field identified by ``locator``.</doc>
<msg timestamp="20230511 18:33:51.508" level="INFO">Typing text '2023/05/25' into text field 'id:exitDate'.</msg>
<status status="PASS" starttime="20230511 18:33:51.507" endtime="20230511 18:33:54.556"/>
</kw>
<status status="PASS" starttime="20230511 18:33:51.507" endtime="20230511 18:33:54.556"/>
</kw>
<kw name="ExitTime" library="PageObjectresources">
<arg>${EdataTime}</arg>
<kw name="Input Text" library="SeleniumLibrary">
<arg>${exittime}</arg>
<arg>${outTime}</arg>
<doc>Types the given ``text`` into the text field identified by ``locator``.</doc>
<msg timestamp="20230511 18:33:54.557" level="INFO">Typing text '16:21' into text field 'id:exitTime'.</msg>
<status status="PASS" starttime="20230511 18:33:54.556" endtime="20230511 18:33:57.639"/>
</kw>
<status status="PASS" starttime="20230511 18:33:54.556" endtime="20230511 18:33:57.639"/>
</kw>
<kw name="Clicking on Calculate Button" library="PageObjectresources">
<kw name="Click Button" library="SeleniumLibrary">
<arg>${calculateButton}</arg>
<doc>Clicks the button identified by ``locator``.</doc>
<msg timestamp="20230511 18:33:57.640" level="INFO">Clicking button 'id:calculateCost'.</msg>
<status status="PASS" starttime="20230511 18:33:57.639" endtime="20230511 18:34:02.882"/>
</kw>
<status status="PASS" starttime="20230511 18:33:57.639" endtime="20230511 18:34:02.883"/>
</kw>
<kw name="Capture Page Screenshot" library="SeleniumLibrary">
<arg>WebParking.png</arg>
<doc>Takes a screenshot of the current page and embeds it into a log file.</doc>
<msg timestamp="20230511 18:34:03.942" level="INFO" html="true">&lt;/td&gt;&lt;/tr&gt;&lt;tr&gt;&lt;td colspan="3"&gt;&lt;a href="WebParking.png"&gt;&lt;img src="WebParking.png" width="800px"&gt;&lt;/a&gt;</msg>
<status status="PASS" starttime="20230511 18:34:02.883" endtime="20230511 18:34:03.942"/>
</kw>
<kw name="Get Text" library="SeleniumLibrary">
<var>${fee}</var>
<arg>xpath://div[@class='alert alert-success']</arg>
<doc>Returns the text value of the element identified by ``locator``.</doc>
<msg timestamp="20230511 18:34:05.968" level="INFO">${fee} = 73.00€
3 Day(s), 0 Hour(s), 1 Minute(s)</msg>
<status status="PASS" starttime="20230511 18:34:03.943" endtime="20230511 18:34:05.968"/>
</kw>
<kw name="Log To Console" library="BuiltIn">
<arg>The parking fair for the corresponding slot and dates is : ${fee}</arg>
<doc>Logs the given message to the console.</doc>
<status status="PASS" starttime="20230511 18:34:05.969" endtime="20230511 18:34:05.969"/>
</kw>
<status status="PASS" starttime="20230511 18:33:18.864" endtime="20230511 18:34:05.970"/>
</test>
<test id="s1-t2" name="ReserveOnline Test" line="27">
<kw name="Click on ReserveOnline" library="ReserveOnlineResources">
<kw name="Click Button" library="SeleniumLibrary">
<arg>${reserveOnlineButton}</arg>
<doc>Clicks the button identified by ``locator``.</doc>
<msg timestamp="20230511 18:34:05.972" level="INFO">Clicking button 'id:reserveOnline'.</msg>
<status status="PASS" starttime="20230511 18:34:05.972" endtime="20230511 18:34:11.621"/>
</kw>
<status status="PASS" starttime="20230511 18:34:05.972" endtime="20230511 18:34:11.621"/>
</kw>
<kw name="FormFilling" library="ReserveOnlineResources">
<kw name="Input Text" library="SeleniumLibrary">
<arg>${fname}</arg>
<arg>RajaVikramarkha</arg>
<doc>Types the given ``text`` into the text field identified by ``locator``.</doc>
<msg timestamp="20230511 18:34:11.622" level="INFO">Typing text 'RajaVikramarkha' into text field 'id:firstName'.</msg>
<status status="PASS" starttime="20230511 18:34:11.622" endtime="20230511 18:34:14.678"/>
</kw>
<kw name="Input Text" library="SeleniumLibrary">
<arg>${lName}</arg>
<arg>Sigha</arg>
<doc>Types the given ``text`` into the text field identified by ``locator``.</doc>
<msg timestamp="20230511 18:34:14.678" level="INFO">Typing text 'Sigha' into text field 'id:lastName'.</msg>
<status status="PASS" starttime="20230511 18:34:14.678" endtime="20230511 18:34:17.718"/>
</kw>
<kw name="Input Text" library="SeleniumLibrary">
<arg>${emailID}</arg>
<arg>rvs@d.com</arg>
<doc>Types the given ``text`` into the text field identified by ``locator``.</doc>
<msg timestamp="20230511 18:34:17.719" level="INFO">Typing text 'rvs@d.com' into text field 'id:email'.</msg>
<status status="PASS" starttime="20230511 18:34:17.718" endtime="20230511 18:34:20.755"/>
</kw>
<kw name="Input Text" library="SeleniumLibrary">
<arg>${phonenumber}</arg>
<arg>120-3534369</arg>
<doc>Types the given ``text`` into the text field identified by ``locator``.</doc>
<msg timestamp="20230511 18:34:20.756" level="INFO">Typing text '120-3534369' into text field 'id:phone'.</msg>
<status status="PASS" starttime="20230511 18:34:20.755" endtime="20230511 18:34:23.821"/>
</kw>
<kw name="Select From List By Value" library="SeleniumLibrary">
<arg>${choosevehicleSize}</arg>
<arg>${sizeValue1}</arg>
<doc>Selects options from selection list ``locator`` by ``values``.</doc>
<msg timestamp="20230511 18:34:23.822" level="INFO">Selecting options from selection list 'id:vehicleSize' by value small.</msg>
<status status="PASS" starttime="20230511 18:34:23.821" endtime="20230511 18:34:32.064"/>
</kw>
<kw name="Input Text" library="SeleniumLibrary">
<arg>${licensePlateNumber}</arg>
<arg>564687985</arg>
<doc>Types the given ``text`` into the text field identified by ``locator``.</doc>
<msg timestamp="20230511 18:34:32.064" level="INFO">Typing text '564687985' into text field 'id:lpNumber'.</msg>
<status status="PASS" starttime="20230511 18:34:32.064" endtime="20230511 18:34:35.099"/>
</kw>
<status status="PASS" starttime="20230511 18:34:11.621" endtime="20230511 18:34:35.099"/>
</kw>
<kw name="click on booknow" library="ReserveOnlineResources">
<kw name="Click Button" library="SeleniumLibrary">
<arg>${booknowButton}</arg>
<doc>Clicks the button identified by ``locator``.</doc>
<msg timestamp="20230511 18:34:35.101" level="INFO">Clicking button 'Book Now!'.</msg>
<status status="PASS" starttime="20230511 18:34:35.099" endtime="20230511 18:34:39.843"/>
</kw>
<status status="PASS" starttime="20230511 18:34:35.099" endtime="20230511 18:34:39.843"/>
</kw>
<kw name="Capture Page Screenshot" library="SeleniumLibrary">
<arg>Formfilling.png</arg>
<doc>Takes a screenshot of the current page and embeds it into a log file.</doc>
<msg timestamp="20230511 18:34:40.888" level="INFO" html="true">&lt;/td&gt;&lt;/tr&gt;&lt;tr&gt;&lt;td colspan="3"&gt;&lt;a href="Formfilling.png"&gt;&lt;img src="Formfilling.png" width="800px"&gt;&lt;/a&gt;</msg>
<status status="PASS" starttime="20230511 18:34:39.843" endtime="20230511 18:34:40.888"/>
</kw>
<status status="PASS" starttime="20230511 18:34:05.971" endtime="20230511 18:34:40.888"/>
</test>
<status status="PASS" starttime="20230511 18:33:18.505" endtime="20230511 18:34:40.890"/>
</suite>
<statistics>
<total>
<stat pass="2" fail="0" skip="0">All Tests</stat>
</total>
<tag>
</tag>
<suite>
<stat pass="2" fail="0" skip="0" id="s1" name="WebParkingParkingPrice">WebParkingParkingPrice</stat>
</suite>
</statistics>
<errors>
</errors>
</robot>
