<?xml version="1.0" encoding="UTF-8"?>
<robot generator="Robot 6.0.2 (Python 3.11.2 on win32)" generated="20230510 18:45:32.542" rpa="false" schemaversion="3">
<suite id="s1" name="Suites">
<suite id="s1-s1" name="HandlingMultipleWindows" source="C:\Users\Ravi Singavarapu\PycharmProjects\RobotFrameWorkProject\TestCasesRB\HandlingMultipleWindows.robot">
<test id="s1-s1-t1" name="Validating MultipleBrowsers" line="10">
<kw name="Open Browser To Validate">
<kw name="Open Browser" library="SeleniumLibrary">
<arg>${LOGIN URL}</arg>
<arg>${BROWSER}</arg>
<doc>Opens a new browser instance to the optional ``url``.</doc>
<msg timestamp="20230510 18:45:33.167" level="INFO">Opening browser 'Chrome' to base url 'https://the-internet.herokuapp.com/'.</msg>
<status status="PASS" starttime="20230510 18:45:33.167" endtime="20230510 18:45:38.841"/>
</kw>
<kw name="Maximize Browser Window" library="SeleniumLibrary">
<doc>Maximizes current browser window.</doc>
<status status="PASS" starttime="20230510 18:45:38.841" endtime="20230510 18:45:39.013"/>
</kw>
<status status="PASS" starttime="20230510 18:45:33.167" endtime="20230510 18:45:39.013"/>
</kw>
<kw name="Sleep" library="BuiltIn">
<arg>3</arg>
<doc>Pauses the test executed for the given time.</doc>
<msg timestamp="20230510 18:45:42.013" level="INFO">Slept 3 seconds</msg>
<status status="PASS" starttime="20230510 18:45:39.013" endtime="20230510 18:45:42.013"/>
</kw>
<kw name="Open another browser">
<kw name="Open Browser" library="SeleniumLibrary">
<arg>https://www.google.com</arg>
<arg>edge</arg>
<doc>Opens a new browser instance to the optional ``url``.</doc>
<msg timestamp="20230510 18:45:42.016" level="INFO">Opening browser 'edge' to base url 'https://www.google.com'.</msg>
<status status="PASS" starttime="20230510 18:45:42.015" endtime="20230510 18:45:46.694"/>
</kw>
<kw name="Maximize Browser Window" library="SeleniumLibrary">
<doc>Maximizes current browser window.</doc>
<status status="PASS" starttime="20230510 18:45:46.694" endtime="20230510 18:45:46.954"/>
</kw>
<status status="PASS" starttime="20230510 18:45:42.014" endtime="20230510 18:45:46.959"/>
</kw>
<kw name="Sleep" library="BuiltIn">
<arg>3</arg>
<doc>Pauses the test executed for the given time.</doc>
<msg timestamp="20230510 18:45:49.960" level="INFO">Slept 3 seconds</msg>
<status status="PASS" starttime="20230510 18:45:46.959" endtime="20230510 18:45:49.960"/>
</kw>
<kw name="Switch Browser" library="SeleniumLibrary">
<arg>2</arg>
<doc>Switches between active browsers using ``index_or_alias``.</doc>
<status status="PASS" starttime="20230510 18:45:49.960" endtime="20230510 18:45:49.963"/>
</kw>
<kw name="Get Title" library="SeleniumLibrary">
<var>${edgebrowsertitle}</var>
<doc>Returns the title of the current page.</doc>
<msg timestamp="20230510 18:45:49.987" level="INFO">${edgebrowsertitle} = Google</msg>
<status status="PASS" starttime="20230510 18:45:49.963" endtime="20230510 18:45:49.987"/>
</kw>
<kw name="Log To Console" library="BuiltIn">
<arg>${edgebrowsertitle}</arg>
<doc>Logs the given message to the console.</doc>
<status status="PASS" starttime="20230510 18:45:49.987" endtime="20230510 18:45:49.987"/>
</kw>
<kw name="Sleep" library="BuiltIn">
<arg>3</arg>
<doc>Pauses the test executed for the given time.</doc>
<msg timestamp="20230510 18:45:52.991" level="INFO">Slept 3 seconds</msg>
<status status="PASS" starttime="20230510 18:45:49.989" endtime="20230510 18:45:52.991"/>
</kw>
<kw name="Switch Browser" library="SeleniumLibrary">
<arg>1</arg>
<doc>Switches between active browsers using ``index_or_alias``.</doc>
<status status="PASS" starttime="20230510 18:45:52.992" endtime="20230510 18:45:52.992"/>
</kw>
<kw name="Get Title" library="SeleniumLibrary">
<var>${chromebrowsertitle}</var>
<doc>Returns the title of the current page.</doc>
<msg timestamp="20230510 18:45:53.015" level="INFO">${chromebrowsertitle} = The Internet</msg>
<status status="PASS" starttime="20230510 18:45:52.993" endtime="20230510 18:45:53.015"/>
</kw>
<kw name="Log To Console" library="BuiltIn">
<arg>${chromebrowsertitle}</arg>
<doc>Logs the given message to the console.</doc>
<status status="PASS" starttime="20230510 18:45:53.015" endtime="20230510 18:45:53.015"/>
</kw>
<kw name="Sleep" library="BuiltIn">
<arg>4</arg>
<doc>Pauses the test executed for the given time.</doc>
<msg timestamp="20230510 18:45:57.015" level="INFO">Slept 4 seconds</msg>
<status status="PASS" starttime="20230510 18:45:53.015" endtime="20230510 18:45:57.015"/>
</kw>
<status status="PASS" starttime="20230510 18:45:33.167" endtime="20230510 18:45:57.015"/>
</test>
<test id="s1-s1-t2" name="Validating MultipleWindows" line="25">
<kw name="Open Browser To Validate">
<kw name="Open Browser" library="SeleniumLibrary">
<arg>${LOGIN URL}</arg>
<arg>${BROWSER}</arg>
<doc>Opens a new browser instance to the optional ``url``.</doc>
<msg timestamp="20230510 18:45:57.063" level="INFO">Opening browser 'Chrome' to base url 'https://the-internet.herokuapp.com/'.</msg>
<status status="PASS" starttime="20230510 18:45:57.058" endtime="20230510 18:46:02.055"/>
</kw>
<kw name="Maximize Browser Window" library="SeleniumLibrary">
<doc>Maximizes current browser window.</doc>
<status status="PASS" starttime="20230510 18:46:02.055" endtime="20230510 18:46:02.182"/>
</kw>
<status status="PASS" starttime="20230510 18:45:57.058" endtime="20230510 18:46:02.182"/>
</kw>
<kw name="Scrolling using JsExecutor">
<kw name="Sleep" library="BuiltIn">
<arg>2</arg>
<doc>Pauses the test executed for the given time.</doc>
<msg timestamp="20230510 18:46:04.182" level="INFO">Slept 2 seconds</msg>
<status status="PASS" starttime="20230510 18:46:02.182" endtime="20230510 18:46:04.182"/>
</kw>
<kw name="Execute Javascript" library="SeleniumLibrary">
<arg>window.scrollTo(0,1890)</arg>
<doc>Executes the given JavaScript code with possible arguments.</doc>
<msg timestamp="20230510 18:46:04.183" level="INFO">Executing JavaScript:
window.scrollTo(0,1890)
Without any arguments.</msg>
<status status="PASS" starttime="20230510 18:46:04.183" endtime="20230510 18:46:04.212"/>
</kw>
<kw name="Sleep" library="BuiltIn">
<arg>2</arg>
<doc>Pauses the test executed for the given time.</doc>
<msg timestamp="20230510 18:46:06.212" level="INFO">Slept 2 seconds</msg>
<status status="PASS" starttime="20230510 18:46:04.212" endtime="20230510 18:46:06.212"/>
</kw>
<status status="PASS" starttime="20230510 18:46:02.182" endtime="20230510 18:46:06.213"/>
</kw>
<kw name="Opening new Tabbed window">
<kw name="Click Link" library="SeleniumLibrary">
<arg>Multiple Windows</arg>
<doc>Clicks a link identified by ``locator``.</doc>
<msg timestamp="20230510 18:46:06.214" level="INFO">Clicking link 'Multiple Windows'.</msg>
<status status="PASS" starttime="20230510 18:46:06.214" endtime="20230510 18:46:06.647"/>
</kw>
<kw name="Get Title" library="SeleniumLibrary">
<var>${TitleOf1stWindow}</var>
<doc>Returns the title of the current page.</doc>
<msg timestamp="20230510 18:46:06.658" level="INFO">${TitleOf1stWindow} = The Internet</msg>
<status status="PASS" starttime="20230510 18:46:06.647" endtime="20230510 18:46:06.658"/>
</kw>
<kw name="Log To Console" library="BuiltIn">
<arg>The title of First window is : ${TitleOf1stWindow}</arg>
<doc>Logs the given message to the console.</doc>
<status status="PASS" starttime="20230510 18:46:06.658" endtime="20230510 18:46:06.661"/>
</kw>
<kw name="Click Link" library="SeleniumLibrary">
<arg>Click Here</arg>
<doc>Clicks a link identified by ``locator``.</doc>
<msg timestamp="20230510 18:46:06.663" level="INFO">Clicking link 'Click Here'.</msg>
<status status="PASS" starttime="20230510 18:46:06.661" endtime="20230510 18:46:06.780"/>
</kw>
<kw name="Sleep" library="BuiltIn">
<arg>4</arg>
<doc>Pauses the test executed for the given time.</doc>
<msg timestamp="20230510 18:46:10.784" level="INFO">Slept 4 seconds</msg>
<status status="PASS" starttime="20230510 18:46:06.780" endtime="20230510 18:46:10.784"/>
</kw>
<kw name="Switch Window" library="SeleniumLibrary">
<arg>New Window</arg>
<doc>Switches to browser window matching ``locator``.</doc>
<status status="PASS" starttime="20230510 18:46:10.784" endtime="20230510 18:46:10.911"/>
</kw>
<kw name="Get Title" library="SeleniumLibrary">
<var>${Titleof2ndWindow}</var>
<doc>Returns the title of the current page.</doc>
<msg timestamp="20230510 18:46:10.920" level="INFO">${Titleof2ndWindow} = New Window</msg>
<status status="PASS" starttime="20230510 18:46:10.911" endtime="20230510 18:46:10.920"/>
</kw>
<kw name="Log To Console" library="BuiltIn">
<arg>The title of Second Window is : ${Titleof2ndWindow}</arg>
<doc>Logs the given message to the console.</doc>
<status status="PASS" starttime="20230510 18:46:10.920" endtime="20230510 18:46:10.920"/>
</kw>
<status status="PASS" starttime="20230510 18:46:06.213" endtime="20230510 18:46:10.920"/>
</kw>
<status status="PASS" starttime="20230510 18:45:57.018" endtime="20230510 18:46:10.920"/>
</test>
<doc>RobotFrameWork by RaviBabu.</doc>
<status status="PASS" starttime="20230510 18:45:32.616" endtime="20230510 18:46:10.925"/>
</suite>
<status status="PASS" starttime="20230510 18:45:32.572" endtime="20230510 18:46:10.930"/>
</suite>
<statistics>
<total>
<stat pass="2" fail="0" skip="0">All Tests</stat>
</total>
<tag>
</tag>
<suite>
<stat pass="2" fail="0" skip="0" id="s1" name="Suites">Suites</stat>
<stat pass="2" fail="0" skip="0" id="s1-s1" name="HandlingMultipleWindows">Suites.HandlingMultipleWindows</stat>
</suite>
</statistics>
<errors>
<msg timestamp="20230510 18:45:32.530" level="ERROR">Error in file 'C:\Users\Ravi Singavarapu\PycharmProjects\RobotFrameWorkProject\TestCasesRB\HandlingMultipleWindows.robot' on line 4: Setting 'Documentation' is allowed only once. Only the first value is used.</msg>
</errors>
</robot>
