<?xml version="1.0" encoding="UTF-8"?>
<robot generator="Robot 6.0.2 (Python 3.11.2 on win32)" generated="20230511 18:36:39.746" rpa="false" schemaversion="3">
<suite id="s1" name="Suites">
<suite id="s1-s1" name="DropDownLists" source="C:\Users\Ravi Singavarapu\PycharmProjects\RobotFrameWorkProject\TestCasesRB\DropDownLists.robot">
<test id="s1-s1-t1" name="Validating DropDown" line="9">
<kw name="Open Browser To Validate">
<kw name="Open Browser" library="SeleniumLibrary">
<arg>${LOGIN URL}</arg>
<arg>${BROWSER}</arg>
<doc>Opens a new browser instance to the optional ``url``.</doc>
<msg timestamp="20230511 18:36:40.135" level="INFO">Opening browser 'Chrome' to base url 'https://practice.expandtesting.com/'.</msg>
<status status="PASS" starttime="20230511 18:36:40.134" endtime="20230511 18:36:43.853"/>
</kw>
<status status="PASS" starttime="20230511 18:36:40.134" endtime="20230511 18:36:43.853"/>
</kw>
<kw name="Scrolling using JsExecutor">
<kw name="Sleep" library="BuiltIn">
<arg>2</arg>
<doc>Pauses the test executed for the given time.</doc>
<msg timestamp="20230511 18:36:45.855" level="INFO">Slept 2 seconds</msg>
<status status="PASS" starttime="20230511 18:36:43.854" endtime="20230511 18:36:45.855"/>
</kw>
<kw name="Execute Javascript" library="SeleniumLibrary">
<arg>window.scrollTo(0,1690)</arg>
<doc>Executes the given JavaScript code with possible arguments.</doc>
<msg timestamp="20230511 18:36:45.856" level="INFO">Executing JavaScript:
window.scrollTo(0,1690)
Without any arguments.</msg>
<status status="PASS" starttime="20230511 18:36:45.855" endtime="20230511 18:36:45.862"/>
</kw>
<kw name="Sleep" library="BuiltIn">
<arg>2</arg>
<doc>Pauses the test executed for the given time.</doc>
<msg timestamp="20230511 18:36:47.862" level="INFO">Slept 2 seconds</msg>
<status status="PASS" starttime="20230511 18:36:45.862" endtime="20230511 18:36:47.862"/>
</kw>
<status status="PASS" starttime="20230511 18:36:43.853" endtime="20230511 18:36:47.863"/>
</kw>
<kw name="Click on DropDown">
<kw name="Click Link" library="SeleniumLibrary">
<arg>Dropdown List</arg>
<doc>Clicks a link identified by ``locator``.</doc>
<msg timestamp="20230511 18:36:47.864" level="INFO">Clicking link 'Dropdown List'.</msg>
<status status="PASS" starttime="20230511 18:36:47.864" endtime="20230511 18:36:48.534"/>
</kw>
<kw name="Select From List By Label" library="SeleniumLibrary">
<arg>dropdown</arg>
<arg>Option 2</arg>
<doc>Selects options from selection list ``locator`` by ``labels``.</doc>
<msg timestamp="20230511 18:36:48.536" level="INFO">Selecting options from selection list 'dropdown' by label Option 2.</msg>
<status status="PASS" starttime="20230511 18:36:48.535" endtime="20230511 18:36:48.641"/>
</kw>
<kw name="Sleep" library="BuiltIn">
<arg>2</arg>
<doc>Pauses the test executed for the given time.</doc>
<msg timestamp="20230511 18:36:50.643" level="INFO">Slept 2 seconds</msg>
<status status="PASS" starttime="20230511 18:36:48.642" endtime="20230511 18:36:50.643"/>
</kw>
<status status="PASS" starttime="20230511 18:36:47.863" endtime="20230511 18:36:50.643"/>
</kw>
<status status="PASS" starttime="20230511 18:36:40.133" endtime="20230511 18:36:50.643"/>
</test>
<doc>RobotFrameWork by RaviBabu.</doc>
<status status="PASS" starttime="20230511 18:36:39.796" endtime="20230511 18:36:50.644"/>
</suite>
<status status="PASS" starttime="20230511 18:36:39.765" endtime="20230511 18:36:50.684"/>
</suite>
<statistics>
<total>
<stat pass="1" fail="0" skip="0">All Tests</stat>
</total>
<tag>
</tag>
<suite>
<stat pass="1" fail="0" skip="0" id="s1" name="Suites">Suites</stat>
<stat pass="1" fail="0" skip="0" id="s1-s1" name="DropDownLists">Suites.DropDownLists</stat>
</suite>
</statistics>
<errors>
</errors>
</robot>
