<?xml version="1.0" encoding="UTF-8"?>
<robot generator="Rebot 6.0.2 (Python 3.11.2 on win32)" generated="20230510 18:46:17.928" rpa="false" schemaversion="3">
<suite id="s1" name="Suites">
<suite id="s1-s1" name="HandlingAlerts" source="C:\Users\Ravi Singavarapu\PycharmProjects\RobotFrameWorkProject\TestCasesRB\HandlingAlerts.robot">
<test id="s1-s1-t1" name="Validating AlertsPopUP" line="10">
<kw name="Open Browser To Validate">
<kw name="Open Browser" library="SeleniumLibrary">
<arg>${LOGIN URL}</arg>
<arg>${BROWSER}</arg>
<doc>Opens a new browser instance to the optional ``url``.</doc>
<msg timestamp="20230510 18:45:12.068" level="INFO">Opening browser 'Chrome' to base url 'https://practice.expandtesting.com/'.</msg>
<status status="PASS" starttime="20230510 18:45:12.068" endtime="20230510 18:45:16.172"/>
</kw>
<kw name="Maximize Browser Window" library="SeleniumLibrary">
<doc>Maximizes current browser window.</doc>
<status status="PASS" starttime="20230510 18:45:16.173" endtime="20230510 18:45:16.322"/>
</kw>
<status status="PASS" starttime="20230510 18:45:12.068" endtime="20230510 18:45:16.322"/>
</kw>
<kw name="Scrolling using JsExecutor">
<kw name="Sleep" library="BuiltIn">
<arg>2</arg>
<doc>Pauses the test executed for the given time.</doc>
<msg timestamp="20230510 18:45:18.329" level="INFO">Slept 2 seconds</msg>
<status status="PASS" starttime="20230510 18:45:16.322" endtime="20230510 18:45:18.329"/>
</kw>
<kw name="Execute Javascript" library="SeleniumLibrary">
<arg>window.scrollTo(0,1300)</arg>
<doc>Executes the given JavaScript code with possible arguments.</doc>
<msg timestamp="20230510 18:45:18.330" level="INFO">Executing JavaScript:
window.scrollTo(0,1300)
Without any arguments.</msg>
<status status="PASS" starttime="20230510 18:45:18.330" endtime="20230510 18:45:18.335"/>
</kw>
<kw name="Sleep" library="BuiltIn">
<arg>2</arg>
<doc>Pauses the test executed for the given time.</doc>
<msg timestamp="20230510 18:45:20.336" level="INFO">Slept 2 seconds</msg>
<status status="PASS" starttime="20230510 18:45:18.335" endtime="20230510 18:45:20.336"/>
</kw>
<status status="PASS" starttime="20230510 18:45:16.322" endtime="20230510 18:45:20.336"/>
</kw>
<kw name="AlertsPop-Up">
<kw name="Click Link" library="SeleniumLibrary">
<arg>JavaScript Dialogs</arg>
<doc>Clicks a link identified by ``locator``.</doc>
<msg timestamp="20230510 18:45:20.338" level="INFO">Clicking link 'JavaScript Dialogs'.</msg>
<status status="PASS" starttime="20230510 18:45:20.336" endtime="20230510 18:45:21.021"/>
</kw>
<kw name="Click Button" library="SeleniumLibrary">
<arg>Js Alert</arg>
<doc>Clicks the button identified by ``locator``.</doc>
<msg timestamp="20230510 18:45:21.023" level="INFO">Clicking button 'Js Alert'.</msg>
<status status="PASS" starttime="20230510 18:45:21.023" endtime="20230510 18:45:21.121"/>
</kw>
<kw name="Handle Alert" library="SeleniumLibrary">
<var>${messageofJSalert}</var>
<arg>accept</arg>
<doc>Handles the current alert and returns its message.</doc>
<msg timestamp="20230510 18:45:21.121" level="INFO">HANDLE::&lt;class 'NoneType'&gt;::None</msg>
<msg timestamp="20230510 18:45:21.132" level="INFO">${messageofJSalert} = I am a Js Alert</msg>
<status status="PASS" starttime="20230510 18:45:21.121" endtime="20230510 18:45:21.132"/>
</kw>
<kw name="Sleep" library="BuiltIn">
<arg>2</arg>
<doc>Pauses the test executed for the given time.</doc>
<msg timestamp="20230510 18:45:23.134" level="INFO">Slept 2 seconds</msg>
<status status="PASS" starttime="20230510 18:45:21.132" endtime="20230510 18:45:23.134"/>
</kw>
<kw name="Get Text" library="SeleniumLibrary">
<var>${Js alert}</var>
<arg>xpath://label[text()='Dialog Response:']/following-sibling::p</arg>
<doc>Returns the text value of the element identified by ``locator``.</doc>
<msg timestamp="20230510 18:45:23.170" level="INFO">${Js alert} = OK</msg>
<status status="PASS" starttime="20230510 18:45:23.134" endtime="20230510 18:45:23.170"/>
</kw>
<kw name="Log To Console" library="BuiltIn">
<arg>${messageofJSalert}</arg>
<doc>Logs the given message to the console.</doc>
<status status="PASS" starttime="20230510 18:45:23.170" endtime="20230510 18:45:23.170"/>
</kw>
<kw name="Log To Console" library="BuiltIn">
<arg>the alert message Responce is: ${Js alert}</arg>
<doc>Logs the given message to the console.</doc>
<status status="PASS" starttime="20230510 18:45:23.170" endtime="20230510 18:45:23.171"/>
</kw>
<kw name="Click Button" library="SeleniumLibrary">
<arg>Js Confirm</arg>
<doc>Clicks the button identified by ``locator``.</doc>
<msg timestamp="20230510 18:45:23.171" level="INFO">Clicking button 'Js Confirm'.</msg>
<status status="PASS" starttime="20230510 18:45:23.171" endtime="20230510 18:45:23.258"/>
</kw>
<kw name="Handle Alert" library="SeleniumLibrary">
<var>${messageJsComfirm}</var>
<arg>dismiss</arg>
<doc>Handles the current alert and returns its message.</doc>
<msg timestamp="20230510 18:45:23.258" level="INFO">HANDLE::&lt;class 'NoneType'&gt;::None</msg>
<msg timestamp="20230510 18:45:23.263" level="INFO">${messageJsComfirm} = I am a Js Confirm</msg>
<status status="PASS" starttime="20230510 18:45:23.258" endtime="20230510 18:45:23.263"/>
</kw>
<kw name="Sleep" library="BuiltIn">
<arg>2</arg>
<doc>Pauses the test executed for the given time.</doc>
<msg timestamp="20230510 18:45:25.269" level="INFO">Slept 2 seconds</msg>
<status status="PASS" starttime="20230510 18:45:23.263" endtime="20230510 18:45:25.269"/>
</kw>
<kw name="Get Text" library="SeleniumLibrary">
<var>${Js Confirm}</var>
<arg>xpath://label[text()='Dialog Response:']/following-sibling::p</arg>
<doc>Returns the text value of the element identified by ``locator``.</doc>
<msg timestamp="20230510 18:45:25.299" level="INFO">${Js Confirm} = Cancel</msg>
<status status="PASS" starttime="20230510 18:45:25.269" endtime="20230510 18:45:25.299"/>
</kw>
<kw name="Log To Console" library="BuiltIn">
<arg>${messageJsComfirm}</arg>
<doc>Logs the given message to the console.</doc>
<status status="PASS" starttime="20230510 18:45:25.300" endtime="20230510 18:45:25.300"/>
</kw>
<kw name="Log To Console" library="BuiltIn">
<arg>the alert message Responce is: ${Js Confirm}</arg>
<doc>Logs the given message to the console.</doc>
<status status="PASS" starttime="20230510 18:45:25.300" endtime="20230510 18:45:25.300"/>
</kw>
<kw name="Click Button" library="SeleniumLibrary">
<arg>Js Prompt</arg>
<doc>Clicks the button identified by ``locator``.</doc>
<msg timestamp="20230510 18:45:25.300" level="INFO">Clicking button 'Js Prompt'.</msg>
<status status="PASS" starttime="20230510 18:45:25.300" endtime="20230510 18:45:25.619"/>
</kw>
<kw name="Input Text Into Alert" library="SeleniumLibrary">
<var>${messageofJsPromt}</var>
<arg>HI HELLO HOW ARE YOU</arg>
<doc>Types the given ``text`` into an input field in an alert.</doc>
<msg timestamp="20230510 18:45:25.641" level="INFO">${messageofJsPromt} = None</msg>
<status status="PASS" starttime="20230510 18:45:25.619" endtime="20230510 18:45:25.641"/>
</kw>
<kw name="Sleep" library="BuiltIn">
<arg>2</arg>
<doc>Pauses the test executed for the given time.</doc>
<msg timestamp="20230510 18:45:27.642" level="INFO">Slept 2 seconds</msg>
<status status="PASS" starttime="20230510 18:45:25.641" endtime="20230510 18:45:27.642"/>
</kw>
<kw name="Get Text" library="SeleniumLibrary">
<var>${Js Prompt}</var>
<arg>xpath://label[text()='Dialog Response:']/following-sibling::p</arg>
<doc>Returns the text value of the element identified by ``locator``.</doc>
<msg timestamp="20230510 18:45:27.670" level="INFO">${Js Prompt} = HI HELLO HOW ARE YOU</msg>
<status status="PASS" starttime="20230510 18:45:27.642" endtime="20230510 18:45:27.670"/>
</kw>
<kw name="Log To Console" library="BuiltIn">
<arg>the alert message Responce is: ${Js Prompt}</arg>
<doc>Logs the given message to the console.</doc>
<status status="PASS" starttime="20230510 18:45:27.670" endtime="20230510 18:45:27.675"/>
</kw>
<status status="PASS" starttime="20230510 18:45:20.336" endtime="20230510 18:45:27.675"/>
</kw>
<status status="PASS" starttime="20230510 18:45:12.068" endtime="20230510 18:45:27.675"/>
</test>
<doc>RobotFrameWork by RaviBabu.</doc>
<status status="PASS" starttime="20230510 18:45:11.707" endtime="20230510 18:45:27.678"/>
</suite>
<suite id="s1-s2" name="HandlingDynamicTable" source="C:\Users\Ravi Singavarapu\PycharmProjects\RobotFrameWorkProject\TestCasesRB\HandlingDynamicTable.robot">
<test id="s1-s2-t1" name="Validating Dynamic table" line="10">
<kw name="Open Browser To Validate">
<kw name="Open Browser" library="SeleniumLibrary">
<arg>${LOGIN URL}</arg>
<arg>${BROWSER}</arg>
<doc>Opens a new browser instance to the optional ``url``.</doc>
<msg timestamp="20230510 18:45:12.076" level="INFO">Opening browser 'Chrome' to base url 'https://practice.expandtesting.com'.</msg>
<status status="PASS" starttime="20230510 18:45:12.076" endtime="20230510 18:45:16.322"/>
</kw>
<kw name="Maximize Browser Window" library="SeleniumLibrary">
<doc>Maximizes current browser window.</doc>
<status status="PASS" starttime="20230510 18:45:16.322" endtime="20230510 18:45:16.458"/>
</kw>
<status status="PASS" starttime="20230510 18:45:12.068" endtime="20230510 18:45:16.460"/>
</kw>
<kw name="DynamicTable">
<kw name="Click Link" library="SeleniumLibrary">
<arg>Dynamic Table</arg>
<doc>Clicks a link identified by ``locator``.</doc>
<msg timestamp="20230510 18:45:16.460" level="INFO">Clicking link 'Dynamic Table'.</msg>
<status status="PASS" starttime="20230510 18:45:16.460" endtime="20230510 18:45:17.115"/>
</kw>
<kw name="Get Element Count" library="SeleniumLibrary">
<var>${Headslist}</var>
<arg>xpath://table[@class='table table-striped']/thead/tr/th</arg>
<doc>Returns the number of elements matching ``locator``.</doc>
<msg timestamp="20230510 18:45:17.132" level="INFO">${Headslist} = 5</msg>
<status status="PASS" starttime="20230510 18:45:17.117" endtime="20230510 18:45:17.132"/>
</kw>
<kw name="Log To Console" library="BuiltIn">
<arg>${Headslist}</arg>
<doc>Logs the given message to the console.</doc>
<status status="PASS" starttime="20230510 18:45:17.134" endtime="20230510 18:45:17.134"/>
</kw>
<kw name="Create List" library="BuiltIn">
<var>@{listofNAames}</var>
<doc>Returns a list containing given items.</doc>
<msg timestamp="20230510 18:45:17.134" level="INFO">@{listofNAames} = [ ]</msg>
<status status="PASS" starttime="20230510 18:45:17.134" endtime="20230510 18:45:17.134"/>
</kw>
<for flavor="IN RANGE">
<var>${y}</var>
<value>${Headslist}</value>
<iter>
<var name="${y}">0</var>
<kw name="Get Text" library="SeleniumLibrary">
<var>${listofNAame}</var>
<arg>xpath://table[@class='table table-striped']/thead/tr/th[${y}+1]</arg>
<doc>Returns the text value of the element identified by ``locator``.</doc>
<msg timestamp="20230510 18:45:17.157" level="INFO">${listofNAame} = Name</msg>
<status status="PASS" starttime="20230510 18:45:17.134" endtime="20230510 18:45:17.157"/>
</kw>
<kw name="Append To List" library="Collections">
<arg>${listofNAames}</arg>
<arg>${listofNAame}</arg>
<doc>Adds ``values`` to the end of ``list``.</doc>
<status status="PASS" starttime="20230510 18:45:17.157" endtime="20230510 18:45:17.157"/>
</kw>
<status status="PASS" starttime="20230510 18:45:17.134" endtime="20230510 18:45:17.157"/>
</iter>
<iter>
<var name="${y}">1</var>
<kw name="Get Text" library="SeleniumLibrary">
<var>${listofNAame}</var>
<arg>xpath://table[@class='table table-striped']/thead/tr/th[${y}+1]</arg>
<doc>Returns the text value of the element identified by ``locator``.</doc>
<msg timestamp="20230510 18:45:17.186" level="INFO">${listofNAame} = Disk</msg>
<status status="PASS" starttime="20230510 18:45:17.157" endtime="20230510 18:45:17.186"/>
</kw>
<kw name="Append To List" library="Collections">
<arg>${listofNAames}</arg>
<arg>${listofNAame}</arg>
<doc>Adds ``values`` to the end of ``list``.</doc>
<status status="PASS" starttime="20230510 18:45:17.186" endtime="20230510 18:45:17.186"/>
</kw>
<status status="PASS" starttime="20230510 18:45:17.157" endtime="20230510 18:45:17.186"/>
</iter>
<iter>
<var name="${y}">2</var>
<kw name="Get Text" library="SeleniumLibrary">
<var>${listofNAame}</var>
<arg>xpath://table[@class='table table-striped']/thead/tr/th[${y}+1]</arg>
<doc>Returns the text value of the element identified by ``locator``.</doc>
<msg timestamp="20230510 18:45:17.208" level="INFO">${listofNAame} = Network</msg>
<status status="PASS" starttime="20230510 18:45:17.186" endtime="20230510 18:45:17.208"/>
</kw>
<kw name="Append To List" library="Collections">
<arg>${listofNAames}</arg>
<arg>${listofNAame}</arg>
<doc>Adds ``values`` to the end of ``list``.</doc>
<status status="PASS" starttime="20230510 18:45:17.214" endtime="20230510 18:45:17.214"/>
</kw>
<status status="PASS" starttime="20230510 18:45:17.186" endtime="20230510 18:45:17.214"/>
</iter>
<iter>
<var name="${y}">3</var>
<kw name="Get Text" library="SeleniumLibrary">
<var>${listofNAame}</var>
<arg>xpath://table[@class='table table-striped']/thead/tr/th[${y}+1]</arg>
<doc>Returns the text value of the element identified by ``locator``.</doc>
<msg timestamp="20230510 18:45:17.240" level="INFO">${listofNAame} = CPU</msg>
<status status="PASS" starttime="20230510 18:45:17.214" endtime="20230510 18:45:17.240"/>
</kw>
<kw name="Append To List" library="Collections">
<arg>${listofNAames}</arg>
<arg>${listofNAame}</arg>
<doc>Adds ``values`` to the end of ``list``.</doc>
<status status="PASS" starttime="20230510 18:45:17.240" endtime="20230510 18:45:17.240"/>
</kw>
<status status="PASS" starttime="20230510 18:45:17.214" endtime="20230510 18:45:17.240"/>
</iter>
<iter>
<var name="${y}">4</var>
<kw name="Get Text" library="SeleniumLibrary">
<var>${listofNAame}</var>
<arg>xpath://table[@class='table table-striped']/thead/tr/th[${y}+1]</arg>
<doc>Returns the text value of the element identified by ``locator``.</doc>
<msg timestamp="20230510 18:45:17.265" level="INFO">${listofNAame} = Memory</msg>
<status status="PASS" starttime="20230510 18:45:17.240" endtime="20230510 18:45:17.265"/>
</kw>
<kw name="Append To List" library="Collections">
<arg>${listofNAames}</arg>
<arg>${listofNAame}</arg>
<doc>Adds ``values`` to the end of ``list``.</doc>
<status status="PASS" starttime="20230510 18:45:17.265" endtime="20230510 18:45:17.265"/>
</kw>
<status status="PASS" starttime="20230510 18:45:17.240" endtime="20230510 18:45:17.265"/>
</iter>
<status status="PASS" starttime="20230510 18:45:17.134" endtime="20230510 18:45:17.265"/>
</for>
<kw name="Log To Console" library="BuiltIn">
<arg>${listofNAames}</arg>
<doc>Logs the given message to the console.</doc>
<status status="PASS" starttime="20230510 18:45:17.265" endtime="20230510 18:45:17.265"/>
</kw>
<kw name="Get Index From List" library="Collections">
<var>${indexofcpu}</var>
<arg>${listofNAames}</arg>
<arg>CPU</arg>
<doc>Returns the index of the first occurrence of the ``value`` on the list.</doc>
<msg timestamp="20230510 18:45:17.265" level="INFO">${indexofcpu} = 3</msg>
<status status="PASS" starttime="20230510 18:45:17.265" endtime="20230510 18:45:17.265"/>
</kw>
<kw name="Set Variable" library="BuiltIn">
<var>${AddIndexby1}</var>
<arg>${1}</arg>
<doc>Returns the given values which can then be assigned to a variables.</doc>
<msg timestamp="20230510 18:45:17.265" level="INFO">${AddIndexby1} = 1</msg>
<status status="PASS" starttime="20230510 18:45:17.265" endtime="20230510 18:45:17.265"/>
</kw>
<kw name="Set Variable" library="BuiltIn">
<var>${IndexvalueOfCPU}</var>
<arg>${${indexofcpu} + ${AddIndexby1}}</arg>
<doc>Returns the given values which can then be assigned to a variables.</doc>
<msg timestamp="20230510 18:45:17.272" level="INFO">${IndexvalueOfCPU} = 4</msg>
<status status="PASS" starttime="20230510 18:45:17.265" endtime="20230510 18:45:17.272"/>
</kw>
<kw name="Log To Console" library="BuiltIn">
<arg>the cpu value : ${IndexvalueOfCPU}</arg>
<doc>Logs the given message to the console.</doc>
<status status="PASS" starttime="20230510 18:45:17.272" endtime="20230510 18:45:17.272"/>
</kw>
<kw name="Get Text" library="SeleniumLibrary">
<var>${ChromeCPU}</var>
<arg>xpath://table[@class='table table-striped']//thead//tr//th[text()='Name']/../..//following-sibling::tbody//tr//td[text()='Chrome']//parent::tr//child::td[${IndexvalueOfCPU}]</arg>
<doc>Returns the text value of the element identified by ``locator``.</doc>
<msg timestamp="20230510 18:45:17.297" level="INFO">${ChromeCPU} = 5.8%</msg>
<status status="PASS" starttime="20230510 18:45:17.272" endtime="20230510 18:45:17.297"/>
</kw>
<kw name="Log To Console" library="BuiltIn">
<arg>The chrome cpu value is : ${ChromeCPU}</arg>
<doc>Logs the given message to the console.</doc>
<status status="PASS" starttime="20230510 18:45:17.297" endtime="20230510 18:45:17.297"/>
</kw>
<status status="PASS" starttime="20230510 18:45:16.460" endtime="20230510 18:45:17.297"/>
</kw>
<status status="PASS" starttime="20230510 18:45:12.068" endtime="20230510 18:45:17.297"/>
</test>
<doc>RobotFrameWork By Ravi Babu</doc>
<status status="PASS" starttime="20230510 18:45:11.707" endtime="20230510 18:45:17.317"/>
</suite>
<suite id="s1-s3" name="HandlingFrames" source="C:\Users\Ravi Singavarapu\PycharmProjects\RobotFrameWorkProject\TestCasesRB\HandlingFrames.robot">
<test id="s1-s3-t1" name="Validating Frames" line="9">
<kw name="Open Browser To Validate">
<kw name="Open Browser" library="SeleniumLibrary">
<arg>${LOGIN URL}</arg>
<arg>${BROWSER}</arg>
<doc>Opens a new browser instance to the optional ``url``.</doc>
<msg timestamp="20230510 18:45:20.704" level="INFO">Opening browser 'Chrome' to base url 'https://practice.expandtesting.com/'.</msg>
<status status="PASS" starttime="20230510 18:45:20.697" endtime="20230510 18:45:24.190"/>
</kw>
<kw name="Maximize Browser Window" library="SeleniumLibrary">
<doc>Maximizes current browser window.</doc>
<status status="PASS" starttime="20230510 18:45:24.190" endtime="20230510 18:45:24.315"/>
</kw>
<status status="PASS" starttime="20230510 18:45:20.697" endtime="20230510 18:45:24.315"/>
</kw>
<kw name="Scrolling using JsExecutor">
<kw name="Sleep" library="BuiltIn">
<arg>2</arg>
<doc>Pauses the test executed for the given time.</doc>
<msg timestamp="20230510 18:45:26.315" level="INFO">Slept 2 seconds</msg>
<status status="PASS" starttime="20230510 18:45:24.315" endtime="20230510 18:45:26.315"/>
</kw>
<kw name="Execute Javascript" library="SeleniumLibrary">
<arg>window.scrollTo(0,1890)</arg>
<doc>Executes the given JavaScript code with possible arguments.</doc>
<msg timestamp="20230510 18:45:26.317" level="INFO">Executing JavaScript:
window.scrollTo(0,1890)
Without any arguments.</msg>
<status status="PASS" starttime="20230510 18:45:26.316" endtime="20230510 18:45:26.323"/>
</kw>
<kw name="Sleep" library="BuiltIn">
<arg>2</arg>
<doc>Pauses the test executed for the given time.</doc>
<msg timestamp="20230510 18:45:28.325" level="INFO">Slept 2 seconds</msg>
<status status="PASS" starttime="20230510 18:45:26.323" endtime="20230510 18:45:28.325"/>
</kw>
<status status="PASS" starttime="20230510 18:45:24.315" endtime="20230510 18:45:28.325"/>
</kw>
<kw name="HandlingFrames">
<kw name="Click Link" library="SeleniumLibrary">
<arg>IFrame</arg>
<doc>Clicks a link identified by ``locator``.</doc>
<msg timestamp="20230510 18:45:28.331" level="INFO">Clicking link 'IFrame'.</msg>
<status status="PASS" starttime="20230510 18:45:28.326" endtime="20230510 18:45:31.447"/>
</kw>
<kw name="Select Frame" library="SeleniumLibrary">
<arg>xpath://iframe[@class='tox-edit-area__iframe']</arg>
<doc>Sets frame identified by ``locator`` as the current frame.</doc>
<msg timestamp="20230510 18:45:31.449" level="INFO">Selecting frame 'xpath://iframe[@class='tox-edit-area__iframe']'.</msg>
<status status="PASS" starttime="20230510 18:45:31.447" endtime="20230510 18:45:31.524"/>
</kw>
<kw name="Input Text" library="SeleniumLibrary">
<arg>xpath://body[@id='tinymce']</arg>
<arg>Hi this is me</arg>
<doc>Types the given ``text`` into the text field identified by ``locator``.</doc>
<msg timestamp="20230510 18:45:31.524" level="INFO">Typing text 'Hi this is me' into text field 'xpath://body[@id='tinymce']'.</msg>
<status status="PASS" starttime="20230510 18:45:31.524" endtime="20230510 18:45:31.852"/>
</kw>
<kw name="Sleep" library="BuiltIn">
<arg>5</arg>
<doc>Pauses the test executed for the given time.</doc>
<msg timestamp="20230510 18:45:36.857" level="INFO">Slept 5 seconds</msg>
<status status="PASS" starttime="20230510 18:45:31.857" endtime="20230510 18:45:36.857"/>
</kw>
<kw name="Unselect Frame" library="SeleniumLibrary">
<doc>Sets the main frame as the current frame.</doc>
<status status="PASS" starttime="20230510 18:45:36.857" endtime="20230510 18:45:36.861"/>
</kw>
<kw name="Sleep" library="BuiltIn">
<arg>3</arg>
<doc>Pauses the test executed for the given time.</doc>
<msg timestamp="20230510 18:45:39.864" level="INFO">Slept 3 seconds</msg>
<status status="PASS" starttime="20230510 18:45:36.861" endtime="20230510 18:45:39.864"/>
</kw>
<kw name="Select Frame" library="SeleniumLibrary">
<arg>id:iframe-youtube</arg>
<doc>Sets frame identified by ``locator`` as the current frame.</doc>
<msg timestamp="20230510 18:45:39.864" level="INFO">Selecting frame 'id:iframe-youtube'.</msg>
<status status="PASS" starttime="20230510 18:45:39.864" endtime="20230510 18:45:39.921"/>
</kw>
<kw name="Click Element" library="SeleniumLibrary">
<arg>xpath://div[@id='player']</arg>
<doc>Click the element identified by ``locator``.</doc>
<msg timestamp="20230510 18:45:39.922" level="INFO">Clicking element 'xpath://div[@id='player']'.</msg>
<status status="PASS" starttime="20230510 18:45:39.922" endtime="20230510 18:45:40.237"/>
</kw>
<kw name="Sleep" library="BuiltIn">
<arg>6</arg>
<doc>Pauses the test executed for the given time.</doc>
<msg timestamp="20230510 18:45:46.239" level="INFO">Slept 6 seconds</msg>
<status status="PASS" starttime="20230510 18:45:40.238" endtime="20230510 18:45:46.239"/>
</kw>
<kw name="Unselect Frame" library="SeleniumLibrary">
<doc>Sets the main frame as the current frame.</doc>
<status status="PASS" starttime="20230510 18:45:46.239" endtime="20230510 18:45:46.249"/>
</kw>
<status status="PASS" starttime="20230510 18:45:28.326" endtime="20230510 18:45:46.253"/>
</kw>
<status status="PASS" starttime="20230510 18:45:20.697" endtime="20230510 18:45:46.253"/>
</test>
<doc>RobotFrameWork by RaviBabu.</doc>
<status status="PASS" starttime="20230510 18:45:20.262" endtime="20230510 18:45:46.254"/>
</suite>
<suite id="s1-s4" name="HandlingMultipleWindows" source="C:\Users\Ravi Singavarapu\PycharmProjects\RobotFrameWorkProject\TestCasesRB\HandlingMultipleWindows.robot">
<test id="s1-s4-t1" name="Validating MultipleBrowsers" line="10">
<kw name="Open Browser To Validate">
<kw name="Open Browser" library="SeleniumLibrary">
<arg>${LOGIN URL}</arg>
<arg>${BROWSER}</arg>
<doc>Opens a new browser instance to the optional ``url``.</doc>
<msg timestamp="20230510 18:45:33.167" level="INFO">Opening browser 'Chrome' to base url 'https://the-internet.herokuapp.com/'.</msg>
<status status="PASS" starttime="20230510 18:45:33.167" endtime="20230510 18:45:38.841"/>
</kw>
<kw name="Maximize Browser Window" library="SeleniumLibrary">
<doc>Maximizes current browser window.</doc>
<status status="PASS" starttime="20230510 18:45:38.841" endtime="20230510 18:45:39.013"/>
</kw>
<status status="PASS" starttime="20230510 18:45:33.167" endtime="20230510 18:45:39.013"/>
</kw>
<kw name="Sleep" library="BuiltIn">
<arg>3</arg>
<doc>Pauses the test executed for the given time.</doc>
<msg timestamp="20230510 18:45:42.013" level="INFO">Slept 3 seconds</msg>
<status status="PASS" starttime="20230510 18:45:39.013" endtime="20230510 18:45:42.013"/>
</kw>
<kw name="Open another browser">
<kw name="Open Browser" library="SeleniumLibrary">
<arg>https://www.google.com</arg>
<arg>edge</arg>
<doc>Opens a new browser instance to the optional ``url``.</doc>
<msg timestamp="20230510 18:45:42.016" level="INFO">Opening browser 'edge' to base url 'https://www.google.com'.</msg>
<status status="PASS" starttime="20230510 18:45:42.015" endtime="20230510 18:45:46.694"/>
</kw>
<kw name="Maximize Browser Window" library="SeleniumLibrary">
<doc>Maximizes current browser window.</doc>
<status status="PASS" starttime="20230510 18:45:46.694" endtime="20230510 18:45:46.954"/>
</kw>
<status status="PASS" starttime="20230510 18:45:42.014" endtime="20230510 18:45:46.959"/>
</kw>
<kw name="Sleep" library="BuiltIn">
<arg>3</arg>
<doc>Pauses the test executed for the given time.</doc>
<msg timestamp="20230510 18:45:49.960" level="INFO">Slept 3 seconds</msg>
<status status="PASS" starttime="20230510 18:45:46.959" endtime="20230510 18:45:49.960"/>
</kw>
<kw name="Switch Browser" library="SeleniumLibrary">
<arg>2</arg>
<doc>Switches between active browsers using ``index_or_alias``.</doc>
<status status="PASS" starttime="20230510 18:45:49.960" endtime="20230510 18:45:49.963"/>
</kw>
<kw name="Get Title" library="SeleniumLibrary">
<var>${edgebrowsertitle}</var>
<doc>Returns the title of the current page.</doc>
<msg timestamp="20230510 18:45:49.987" level="INFO">${edgebrowsertitle} = Google</msg>
<status status="PASS" starttime="20230510 18:45:49.963" endtime="20230510 18:45:49.987"/>
</kw>
<kw name="Log To Console" library="BuiltIn">
<arg>${edgebrowsertitle}</arg>
<doc>Logs the given message to the console.</doc>
<status status="PASS" starttime="20230510 18:45:49.987" endtime="20230510 18:45:49.987"/>
</kw>
<kw name="Sleep" library="BuiltIn">
<arg>3</arg>
<doc>Pauses the test executed for the given time.</doc>
<msg timestamp="20230510 18:45:52.991" level="INFO">Slept 3 seconds</msg>
<status status="PASS" starttime="20230510 18:45:49.989" endtime="20230510 18:45:52.991"/>
</kw>
<kw name="Switch Browser" library="SeleniumLibrary">
<arg>1</arg>
<doc>Switches between active browsers using ``index_or_alias``.</doc>
<status status="PASS" starttime="20230510 18:45:52.992" endtime="20230510 18:45:52.992"/>
</kw>
<kw name="Get Title" library="SeleniumLibrary">
<var>${chromebrowsertitle}</var>
<doc>Returns the title of the current page.</doc>
<msg timestamp="20230510 18:45:53.015" level="INFO">${chromebrowsertitle} = The Internet</msg>
<status status="PASS" starttime="20230510 18:45:52.993" endtime="20230510 18:45:53.015"/>
</kw>
<kw name="Log To Console" library="BuiltIn">
<arg>${chromebrowsertitle}</arg>
<doc>Logs the given message to the console.</doc>
<status status="PASS" starttime="20230510 18:45:53.015" endtime="20230510 18:45:53.015"/>
</kw>
<kw name="Sleep" library="BuiltIn">
<arg>4</arg>
<doc>Pauses the test executed for the given time.</doc>
<msg timestamp="20230510 18:45:57.015" level="INFO">Slept 4 seconds</msg>
<status status="PASS" starttime="20230510 18:45:53.015" endtime="20230510 18:45:57.015"/>
</kw>
<status status="PASS" starttime="20230510 18:45:33.167" endtime="20230510 18:45:57.015"/>
</test>
<test id="s1-s4-t2" name="Validating MultipleWindows" line="25">
<kw name="Open Browser To Validate">
<kw name="Open Browser" library="SeleniumLibrary">
<arg>${LOGIN URL}</arg>
<arg>${BROWSER}</arg>
<doc>Opens a new browser instance to the optional ``url``.</doc>
<msg timestamp="20230510 18:45:57.063" level="INFO">Opening browser 'Chrome' to base url 'https://the-internet.herokuapp.com/'.</msg>
<status status="PASS" starttime="20230510 18:45:57.058" endtime="20230510 18:46:02.055"/>
</kw>
<kw name="Maximize Browser Window" library="SeleniumLibrary">
<doc>Maximizes current browser window.</doc>
<status status="PASS" starttime="20230510 18:46:02.055" endtime="20230510 18:46:02.182"/>
</kw>
<status status="PASS" starttime="20230510 18:45:57.058" endtime="20230510 18:46:02.182"/>
</kw>
<kw name="Scrolling using JsExecutor">
<kw name="Sleep" library="BuiltIn">
<arg>2</arg>
<doc>Pauses the test executed for the given time.</doc>
<msg timestamp="20230510 18:46:04.182" level="INFO">Slept 2 seconds</msg>
<status status="PASS" starttime="20230510 18:46:02.182" endtime="20230510 18:46:04.182"/>
</kw>
<kw name="Execute Javascript" library="SeleniumLibrary">
<arg>window.scrollTo(0,1890)</arg>
<doc>Executes the given JavaScript code with possible arguments.</doc>
<msg timestamp="20230510 18:46:04.183" level="INFO">Executing JavaScript:
window.scrollTo(0,1890)
Without any arguments.</msg>
<status status="PASS" starttime="20230510 18:46:04.183" endtime="20230510 18:46:04.212"/>
</kw>
<kw name="Sleep" library="BuiltIn">
<arg>2</arg>
<doc>Pauses the test executed for the given time.</doc>
<msg timestamp="20230510 18:46:06.212" level="INFO">Slept 2 seconds</msg>
<status status="PASS" starttime="20230510 18:46:04.212" endtime="20230510 18:46:06.212"/>
</kw>
<status status="PASS" starttime="20230510 18:46:02.182" endtime="20230510 18:46:06.213"/>
</kw>
<kw name="Opening new Tabbed window">
<kw name="Click Link" library="SeleniumLibrary">
<arg>Multiple Windows</arg>
<doc>Clicks a link identified by ``locator``.</doc>
<msg timestamp="20230510 18:46:06.214" level="INFO">Clicking link 'Multiple Windows'.</msg>
<status status="PASS" starttime="20230510 18:46:06.214" endtime="20230510 18:46:06.647"/>
</kw>
<kw name="Get Title" library="SeleniumLibrary">
<var>${TitleOf1stWindow}</var>
<doc>Returns the title of the current page.</doc>
<msg timestamp="20230510 18:46:06.658" level="INFO">${TitleOf1stWindow} = The Internet</msg>
<status status="PASS" starttime="20230510 18:46:06.647" endtime="20230510 18:46:06.658"/>
</kw>
<kw name="Log To Console" library="BuiltIn">
<arg>The title of First window is : ${TitleOf1stWindow}</arg>
<doc>Logs the given message to the console.</doc>
<status status="PASS" starttime="20230510 18:46:06.658" endtime="20230510 18:46:06.661"/>
</kw>
<kw name="Click Link" library="SeleniumLibrary">
<arg>Click Here</arg>
<doc>Clicks a link identified by ``locator``.</doc>
<msg timestamp="20230510 18:46:06.663" level="INFO">Clicking link 'Click Here'.</msg>
<status status="PASS" starttime="20230510 18:46:06.661" endtime="20230510 18:46:06.780"/>
</kw>
<kw name="Sleep" library="BuiltIn">
<arg>4</arg>
<doc>Pauses the test executed for the given time.</doc>
<msg timestamp="20230510 18:46:10.784" level="INFO">Slept 4 seconds</msg>
<status status="PASS" starttime="20230510 18:46:06.780" endtime="20230510 18:46:10.784"/>
</kw>
<kw name="Switch Window" library="SeleniumLibrary">
<arg>New Window</arg>
<doc>Switches to browser window matching ``locator``.</doc>
<status status="PASS" starttime="20230510 18:46:10.784" endtime="20230510 18:46:10.911"/>
</kw>
<kw name="Get Title" library="SeleniumLibrary">
<var>${Titleof2ndWindow}</var>
<doc>Returns the title of the current page.</doc>
<msg timestamp="20230510 18:46:10.920" level="INFO">${Titleof2ndWindow} = New Window</msg>
<status status="PASS" starttime="20230510 18:46:10.911" endtime="20230510 18:46:10.920"/>
</kw>
<kw name="Log To Console" library="BuiltIn">
<arg>The title of Second Window is : ${Titleof2ndWindow}</arg>
<doc>Logs the given message to the console.</doc>
<status status="PASS" starttime="20230510 18:46:10.920" endtime="20230510 18:46:10.920"/>
</kw>
<status status="PASS" starttime="20230510 18:46:06.213" endtime="20230510 18:46:10.920"/>
</kw>
<status status="PASS" starttime="20230510 18:45:57.018" endtime="20230510 18:46:10.920"/>
</test>
<doc>RobotFrameWork by RaviBabu.</doc>
<status status="PASS" starttime="20230510 18:45:32.616" endtime="20230510 18:46:10.925"/>
</suite>
<doc>[https://pabot.org/?ref=log|Pabot] result from 4 executions.</doc>
<status status="PASS" starttime="20230510 18:45:11.677" endtime="20230510 18:46:10.930"/>
</suite>
<statistics>
<total>
<stat pass="5" fail="0" skip="0">All Tests</stat>
</total>
<tag>
</tag>
<suite>
<stat pass="5" fail="0" skip="0" id="s1" name="Suites">Suites</stat>
<stat pass="1" fail="0" skip="0" id="s1-s1" name="HandlingAlerts">Suites.HandlingAlerts</stat>
<stat pass="1" fail="0" skip="0" id="s1-s2" name="HandlingDynamicTable">Suites.HandlingDynamicTable</stat>
<stat pass="1" fail="0" skip="0" id="s1-s3" name="HandlingFrames">Suites.HandlingFrames</stat>
<stat pass="2" fail="0" skip="0" id="s1-s4" name="HandlingMultipleWindows">Suites.HandlingMultipleWindows</stat>
</suite>
</statistics>
<errors>
<msg timestamp="20230510 18:45:11.648" level="ERROR">Error in file 'C:\Users\Ravi Singavarapu\PycharmProjects\RobotFrameWorkProject\TestCasesRB\HandlingMultipleWindows.robot' on line 4: Setting 'Documentation' is allowed only once. Only the first value is used.</msg>
<msg timestamp="20230510 18:45:11.648" level="ERROR">Error in file 'C:\Users\Ravi Singavarapu\PycharmProjects\RobotFrameWorkProject\TestCasesRB\HandlingMultipleWindows.robot' on line 4: Setting 'Documentation' is allowed only once. Only the first value is used.</msg>
<msg timestamp="20230510 18:45:20.214" level="ERROR">Error in file 'C:\Users\Ravi Singavarapu\PycharmProjects\RobotFrameWorkProject\TestCasesRB\HandlingMultipleWindows.robot' on line 4: Setting 'Documentation' is allowed only once. Only the first value is used.</msg>
<msg timestamp="20230510 18:45:32.530" level="ERROR">Error in file 'C:\Users\Ravi Singavarapu\PycharmProjects\RobotFrameWorkProject\TestCasesRB\HandlingMultipleWindows.robot' on line 4: Setting 'Documentation' is allowed only once. Only the first value is used.</msg>
</errors>
</robot>
