<?xml version="1.0" encoding="UTF-8"?>
<robot generator="Robot 6.0.2 (Python 3.11.2 on win32)" generated="20230511 18:16:52.885" rpa="false" schemaversion="3">
<suite id="s1" name="PageObjectModel" source="C:\Users\Ravi Singavarapu\PycharmProjects\RobotFrameWorkProject\PageObjectModel">
<suite id="s1-s1" name="WebParkingParkingPrice" source="C:\Users\Ravi Singavarapu\PycharmProjects\RobotFrameWorkProject\PageObjectModel\WebParkingParkingPrice.robot">
<test id="s1-s1-t1" name="WebParking Test" line="12">
<kw name="Set Selenium Speed" library="SeleniumLibrary">
<arg>1</arg>
<doc>Sets the delay that is waited after each Selenium command.</doc>
<status status="PASS" starttime="20230511 18:16:53.353" endtime="20230511 18:16:53.354"/>
</kw>
<kw name="open my browser" library="PageObjectresources">
<arg>${LOGIN URL}</arg>
<arg>${BROWSER}</arg>
<kw name="Open Browser" library="SeleniumLibrary">
<arg>${LOGIN URL}</arg>
<arg>${BROWSER}</arg>
<doc>Opens a new browser instance to the optional ``url``.</doc>
<msg timestamp="20230511 18:16:53.357" level="INFO">Opening browser 'Firefox' to base url 'https://practice.expandtesting.com/'.</msg>
<msg timestamp="20230511 18:16:53.372" level="INFO">Executing: C:\Users\Ravi Singavarapu\PycharmProjects\RobotFrameWorkProject\venv\Lib\site-packages\selenium\webdriver\common\windows\selenium-manager.exe --browser firefox --output json</msg>
<status status="PASS" starttime="20230511 18:16:53.355" endtime="20230511 18:17:03.357"/>
</kw>
<kw name="Maximize Browser Window" library="SeleniumLibrary">
<doc>Maximizes current browser window.</doc>
<status status="PASS" starttime="20230511 18:17:03.357" endtime="20230511 18:17:04.639"/>
</kw>
<status status="PASS" starttime="20230511 18:16:53.354" endtime="20230511 18:17:04.639"/>
</kw>
<kw name="Click on demo apps" library="PageObjectresources">
<kw name="Scrolling using JsExecutor" library="PageObjectresources">
<kw name="Sleep" library="BuiltIn">
<arg>2</arg>
<doc>Pauses the test executed for the given time.</doc>
<msg timestamp="20230511 18:17:06.642" level="INFO">Slept 2 seconds</msg>
<status status="PASS" starttime="20230511 18:17:04.642" endtime="20230511 18:17:06.642"/>
</kw>
<kw name="Execute Javascript" library="SeleniumLibrary">
<arg>window.scrollTo(0,2690)</arg>
<doc>Executes the given JavaScript code with possible arguments.</doc>
<msg timestamp="20230511 18:17:06.644" level="INFO">Executing JavaScript:
window.scrollTo(0,2690)
Without any arguments.</msg>
<status status="PASS" starttime="20230511 18:17:06.642" endtime="20230511 18:17:07.663"/>
</kw>
<kw name="Sleep" library="BuiltIn">
<arg>2</arg>
<doc>Pauses the test executed for the given time.</doc>
<msg timestamp="20230511 18:17:09.664" level="INFO">Slept 2 seconds</msg>
<status status="PASS" starttime="20230511 18:17:07.663" endtime="20230511 18:17:09.664"/>
</kw>
<status status="PASS" starttime="20230511 18:17:04.641" endtime="20230511 18:17:09.664"/>
</kw>
<kw name="Click Link" library="SeleniumLibrary">
<arg>${webParkingLink}</arg>
<doc>Clicks a link identified by ``locator``.</doc>
<msg timestamp="20230511 18:17:09.665" level="INFO">Clicking link 'Web Parking'.</msg>
<status status="PASS" starttime="20230511 18:17:09.664" endtime="20230511 18:17:13.639"/>
</kw>
<status status="PASS" starttime="20230511 18:17:04.639" endtime="20230511 18:17:13.641"/>
</kw>
<kw name="SelectingPracking Slot" library="PageObjectresources">
<kw name="Select From List By Value" library="SeleniumLibrary">
<arg>${chooseParkinglot}</arg>
<arg>${value1}</arg>
<doc>Selects options from selection list ``locator`` by ``values``.</doc>
<msg timestamp="20230511 18:17:13.645" level="INFO">Selecting options from selection list 'parkingLot' by value ShortTerm.</msg>
<status status="PASS" starttime="20230511 18:17:13.643" endtime="20230511 18:17:20.948"/>
</kw>
<status status="PASS" starttime="20230511 18:17:13.641" endtime="20230511 18:17:20.948"/>
</kw>
<kw name="DateEntry" library="PageObjectresources">
<arg>${IdataDate}</arg>
<kw name="Input Text" library="SeleniumLibrary">
<arg>${entryDate}</arg>
<arg>${EDate}</arg>
<doc>Types the given ``text`` into the text field identified by ``locator``.</doc>
<msg timestamp="20230511 18:17:20.949" level="INFO">Typing text '2023/05/22' into text field 'id:entryDate'.</msg>
<status status="PASS" starttime="20230511 18:17:20.948" endtime="20230511 18:17:24.024"/>
</kw>
<status status="PASS" starttime="20230511 18:17:20.948" endtime="20230511 18:17:24.024"/>
</kw>
<kw name="TimeEntry" library="PageObjectresources">
<arg>${IdataTime}</arg>
<kw name="Input Text" library="SeleniumLibrary">
<arg>${entryTime}</arg>
<arg>${inTime}</arg>
<doc>Types the given ``text`` into the text field identified by ``locator``.</doc>
<msg timestamp="20230511 18:17:24.025" level="INFO">Typing text '16:20' into text field 'id:entryTime'.</msg>
<status status="PASS" starttime="20230511 18:17:24.025" endtime="20230511 18:17:27.093"/>
</kw>
<status status="PASS" starttime="20230511 18:17:24.024" endtime="20230511 18:17:27.093"/>
</kw>
<kw name="ExitDate" library="PageObjectresources">
<arg>${EdataDate}</arg>
<kw name="Input Text" library="SeleniumLibrary">
<arg>${exitdate}</arg>
<arg>${outDate}</arg>
<doc>Types the given ``text`` into the text field identified by ``locator``.</doc>
<msg timestamp="20230511 18:17:27.094" level="INFO">Typing text '2023/05/25' into text field 'id:exitDate'.</msg>
<status status="PASS" starttime="20230511 18:17:27.093" endtime="20230511 18:17:30.160"/>
</kw>
<status status="PASS" starttime="20230511 18:17:27.093" endtime="20230511 18:17:30.160"/>
</kw>
<kw name="ExitTime" library="PageObjectresources">
<arg>${EdataTime}</arg>
<kw name="Input Text" library="SeleniumLibrary">
<arg>${exittime}</arg>
<arg>${outTime}</arg>
<doc>Types the given ``text`` into the text field identified by ``locator``.</doc>
<msg timestamp="20230511 18:17:30.162" level="INFO">Typing text '16:21' into text field 'id:exitTime'.</msg>
<status status="PASS" starttime="20230511 18:17:30.161" endtime="20230511 18:17:33.216"/>
</kw>
<status status="PASS" starttime="20230511 18:17:30.161" endtime="20230511 18:17:33.216"/>
</kw>
<kw name="Clicking on Calculate Button" library="PageObjectresources">
<kw name="Click Button" library="SeleniumLibrary">
<arg>${calculateButton}</arg>
<doc>Clicks the button identified by ``locator``.</doc>
<msg timestamp="20230511 18:17:33.218" level="INFO">Clicking button 'id:calculateCost'.</msg>
<status status="PASS" starttime="20230511 18:17:33.217" endtime="20230511 18:17:38.461"/>
</kw>
<status status="PASS" starttime="20230511 18:17:33.216" endtime="20230511 18:17:38.461"/>
</kw>
<kw name="Capture Page Screenshot" library="SeleniumLibrary">
<arg>WebParking.png</arg>
<doc>Takes a screenshot of the current page and embeds it into a log file.</doc>
<msg timestamp="20230511 18:17:39.525" level="INFO" html="true">&lt;/td&gt;&lt;/tr&gt;&lt;tr&gt;&lt;td colspan="3"&gt;&lt;a href="WebParking.png"&gt;&lt;img src="WebParking.png" width="800px"&gt;&lt;/a&gt;</msg>
<status status="PASS" starttime="20230511 18:17:38.461" endtime="20230511 18:17:39.525"/>
</kw>
<kw name="Get Text" library="SeleniumLibrary">
<var>${fee}</var>
<arg>xpath://div[@class='alert alert-success']</arg>
<doc>Returns the text value of the element identified by ``locator``.</doc>
<msg timestamp="20230511 18:17:41.557" level="INFO">${fee} = 73.00€
3 Day(s), 0 Hour(s), 1 Minute(s)</msg>
<status status="PASS" starttime="20230511 18:17:39.525" endtime="20230511 18:17:41.557"/>
</kw>
<kw name="Log To Console" library="BuiltIn">
<arg>The parking fair for the corresponding slot and dates is : ${fee}</arg>
<doc>Logs the given message to the console.</doc>
<status status="PASS" starttime="20230511 18:17:41.557" endtime="20230511 18:17:41.558"/>
</kw>
<tag>base</tag>
<status status="PASS" starttime="20230511 18:16:53.352" endtime="20230511 18:17:41.558"/>
</test>
<status status="PASS" starttime="20230511 18:16:52.951" endtime="20230511 18:17:41.580"/>
</suite>
<status status="PASS" starttime="20230511 18:16:52.912" endtime="20230511 18:17:41.581"/>
</suite>
<statistics>
<total>
<stat pass="1" fail="0" skip="0">All Tests</stat>
</total>
<tag>
<stat pass="1" fail="0" skip="0">base</stat>
</tag>
<suite>
<stat pass="1" fail="0" skip="0" id="s1" name="PageObjectModel">PageObjectModel</stat>
<stat pass="1" fail="0" skip="0" id="s1-s1" name="WebParkingParkingPrice">PageObjectModel.WebParkingParkingPrice</stat>
</suite>
</statistics>
<errors>
</errors>
</robot>
