<?xml version="1.0" encoding="UTF-8"?>
<robot generator="Robot 6.0.2 (Python 3.11.2 on win32)" generated="20230510 18:45:11.660" rpa="false" schemaversion="3">
<suite id="s1" name="Suites">
<suite id="s1-s1" name="HandlingAlerts" source="C:\Users\Ravi Singavarapu\PycharmProjects\RobotFrameWorkProject\TestCasesRB\HandlingAlerts.robot">
<test id="s1-s1-t1" name="Validating AlertsPopUP" line="10">
<kw name="Open Browser To Validate">
<kw name="Open Browser" library="SeleniumLibrary">
<arg>${LOGIN URL}</arg>
<arg>${BROWSER}</arg>
<doc>Opens a new browser instance to the optional ``url``.</doc>
<msg timestamp="20230510 18:45:12.068" level="INFO">Opening browser 'Chrome' to base url 'https://practice.expandtesting.com/'.</msg>
<status status="PASS" starttime="20230510 18:45:12.068" endtime="20230510 18:45:16.172"/>
</kw>
<kw name="Maximize Browser Window" library="SeleniumLibrary">
<doc>Maximizes current browser window.</doc>
<status status="PASS" starttime="20230510 18:45:16.173" endtime="20230510 18:45:16.322"/>
</kw>
<status status="PASS" starttime="20230510 18:45:12.068" endtime="20230510 18:45:16.322"/>
</kw>
<kw name="Scrolling using JsExecutor">
<kw name="Sleep" library="BuiltIn">
<arg>2</arg>
<doc>Pauses the test executed for the given time.</doc>
<msg timestamp="20230510 18:45:18.329" level="INFO">Slept 2 seconds</msg>
<status status="PASS" starttime="20230510 18:45:16.322" endtime="20230510 18:45:18.329"/>
</kw>
<kw name="Execute Javascript" library="SeleniumLibrary">
<arg>window.scrollTo(0,1300)</arg>
<doc>Executes the given JavaScript code with possible arguments.</doc>
<msg timestamp="20230510 18:45:18.330" level="INFO">Executing JavaScript:
window.scrollTo(0,1300)
Without any arguments.</msg>
<status status="PASS" starttime="20230510 18:45:18.330" endtime="20230510 18:45:18.335"/>
</kw>
<kw name="Sleep" library="BuiltIn">
<arg>2</arg>
<doc>Pauses the test executed for the given time.</doc>
<msg timestamp="20230510 18:45:20.336" level="INFO">Slept 2 seconds</msg>
<status status="PASS" starttime="20230510 18:45:18.335" endtime="20230510 18:45:20.336"/>
</kw>
<status status="PASS" starttime="20230510 18:45:16.322" endtime="20230510 18:45:20.336"/>
</kw>
<kw name="AlertsPop-Up">
<kw name="Click Link" library="SeleniumLibrary">
<arg>JavaScript Dialogs</arg>
<doc>Clicks a link identified by ``locator``.</doc>
<msg timestamp="20230510 18:45:20.338" level="INFO">Clicking link 'JavaScript Dialogs'.</msg>
<status status="PASS" starttime="20230510 18:45:20.336" endtime="20230510 18:45:21.021"/>
</kw>
<kw name="Click Button" library="SeleniumLibrary">
<arg>Js Alert</arg>
<doc>Clicks the button identified by ``locator``.</doc>
<msg timestamp="20230510 18:45:21.023" level="INFO">Clicking button 'Js Alert'.</msg>
<status status="PASS" starttime="20230510 18:45:21.023" endtime="20230510 18:45:21.121"/>
</kw>
<kw name="Handle Alert" library="SeleniumLibrary">
<var>${messageofJSalert}</var>
<arg>accept</arg>
<doc>Handles the current alert and returns its message.</doc>
<msg timestamp="20230510 18:45:21.121" level="INFO">HANDLE::&lt;class 'NoneType'&gt;::None</msg>
<msg timestamp="20230510 18:45:21.132" level="INFO">${messageofJSalert} = I am a Js Alert</msg>
<status status="PASS" starttime="20230510 18:45:21.121" endtime="20230510 18:45:21.132"/>
</kw>
<kw name="Sleep" library="BuiltIn">
<arg>2</arg>
<doc>Pauses the test executed for the given time.</doc>
<msg timestamp="20230510 18:45:23.134" level="INFO">Slept 2 seconds</msg>
<status status="PASS" starttime="20230510 18:45:21.132" endtime="20230510 18:45:23.134"/>
</kw>
<kw name="Get Text" library="SeleniumLibrary">
<var>${Js alert}</var>
<arg>xpath://label[text()='Dialog Response:']/following-sibling::p</arg>
<doc>Returns the text value of the element identified by ``locator``.</doc>
<msg timestamp="20230510 18:45:23.170" level="INFO">${Js alert} = OK</msg>
<status status="PASS" starttime="20230510 18:45:23.134" endtime="20230510 18:45:23.170"/>
</kw>
<kw name="Log To Console" library="BuiltIn">
<arg>${messageofJSalert}</arg>
<doc>Logs the given message to the console.</doc>
<status status="PASS" starttime="20230510 18:45:23.170" endtime="20230510 18:45:23.170"/>
</kw>
<kw name="Log To Console" library="BuiltIn">
<arg>the alert message Responce is: ${Js alert}</arg>
<doc>Logs the given message to the console.</doc>
<status status="PASS" starttime="20230510 18:45:23.170" endtime="20230510 18:45:23.171"/>
</kw>
<kw name="Click Button" library="SeleniumLibrary">
<arg>Js Confirm</arg>
<doc>Clicks the button identified by ``locator``.</doc>
<msg timestamp="20230510 18:45:23.171" level="INFO">Clicking button 'Js Confirm'.</msg>
<status status="PASS" starttime="20230510 18:45:23.171" endtime="20230510 18:45:23.258"/>
</kw>
<kw name="Handle Alert" library="SeleniumLibrary">
<var>${messageJsComfirm}</var>
<arg>dismiss</arg>
<doc>Handles the current alert and returns its message.</doc>
<msg timestamp="20230510 18:45:23.258" level="INFO">HANDLE::&lt;class 'NoneType'&gt;::None</msg>
<msg timestamp="20230510 18:45:23.263" level="INFO">${messageJsComfirm} = I am a Js Confirm</msg>
<status status="PASS" starttime="20230510 18:45:23.258" endtime="20230510 18:45:23.263"/>
</kw>
<kw name="Sleep" library="BuiltIn">
<arg>2</arg>
<doc>Pauses the test executed for the given time.</doc>
<msg timestamp="20230510 18:45:25.269" level="INFO">Slept 2 seconds</msg>
<status status="PASS" starttime="20230510 18:45:23.263" endtime="20230510 18:45:25.269"/>
</kw>
<kw name="Get Text" library="SeleniumLibrary">
<var>${Js Confirm}</var>
<arg>xpath://label[text()='Dialog Response:']/following-sibling::p</arg>
<doc>Returns the text value of the element identified by ``locator``.</doc>
<msg timestamp="20230510 18:45:25.299" level="INFO">${Js Confirm} = Cancel</msg>
<status status="PASS" starttime="20230510 18:45:25.269" endtime="20230510 18:45:25.299"/>
</kw>
<kw name="Log To Console" library="BuiltIn">
<arg>${messageJsComfirm}</arg>
<doc>Logs the given message to the console.</doc>
<status status="PASS" starttime="20230510 18:45:25.300" endtime="20230510 18:45:25.300"/>
</kw>
<kw name="Log To Console" library="BuiltIn">
<arg>the alert message Responce is: ${Js Confirm}</arg>
<doc>Logs the given message to the console.</doc>
<status status="PASS" starttime="20230510 18:45:25.300" endtime="20230510 18:45:25.300"/>
</kw>
<kw name="Click Button" library="SeleniumLibrary">
<arg>Js Prompt</arg>
<doc>Clicks the button identified by ``locator``.</doc>
<msg timestamp="20230510 18:45:25.300" level="INFO">Clicking button 'Js Prompt'.</msg>
<status status="PASS" starttime="20230510 18:45:25.300" endtime="20230510 18:45:25.619"/>
</kw>
<kw name="Input Text Into Alert" library="SeleniumLibrary">
<var>${messageofJsPromt}</var>
<arg>HI HELLO HOW ARE YOU</arg>
<doc>Types the given ``text`` into an input field in an alert.</doc>
<msg timestamp="20230510 18:45:25.641" level="INFO">${messageofJsPromt} = None</msg>
<status status="PASS" starttime="20230510 18:45:25.619" endtime="20230510 18:45:25.641"/>
</kw>
<kw name="Sleep" library="BuiltIn">
<arg>2</arg>
<doc>Pauses the test executed for the given time.</doc>
<msg timestamp="20230510 18:45:27.642" level="INFO">Slept 2 seconds</msg>
<status status="PASS" starttime="20230510 18:45:25.641" endtime="20230510 18:45:27.642"/>
</kw>
<kw name="Get Text" library="SeleniumLibrary">
<var>${Js Prompt}</var>
<arg>xpath://label[text()='Dialog Response:']/following-sibling::p</arg>
<doc>Returns the text value of the element identified by ``locator``.</doc>
<msg timestamp="20230510 18:45:27.670" level="INFO">${Js Prompt} = HI HELLO HOW ARE YOU</msg>
<status status="PASS" starttime="20230510 18:45:27.642" endtime="20230510 18:45:27.670"/>
</kw>
<kw name="Log To Console" library="BuiltIn">
<arg>the alert message Responce is: ${Js Prompt}</arg>
<doc>Logs the given message to the console.</doc>
<status status="PASS" starttime="20230510 18:45:27.670" endtime="20230510 18:45:27.675"/>
</kw>
<status status="PASS" starttime="20230510 18:45:20.336" endtime="20230510 18:45:27.675"/>
</kw>
<status status="PASS" starttime="20230510 18:45:12.068" endtime="20230510 18:45:27.675"/>
</test>
<doc>RobotFrameWork by RaviBabu.</doc>
<status status="PASS" starttime="20230510 18:45:11.707" endtime="20230510 18:45:27.678"/>
</suite>
<status status="PASS" starttime="20230510 18:45:11.678" endtime="20230510 18:45:27.680"/>
</suite>
<statistics>
<total>
<stat pass="1" fail="0" skip="0">All Tests</stat>
</total>
<tag>
</tag>
<suite>
<stat pass="1" fail="0" skip="0" id="s1" name="Suites">Suites</stat>
<stat pass="1" fail="0" skip="0" id="s1-s1" name="HandlingAlerts">Suites.HandlingAlerts</stat>
</suite>
</statistics>
<errors>
<msg timestamp="20230510 18:45:11.648" level="ERROR">Error in file 'C:\Users\Ravi Singavarapu\PycharmProjects\RobotFrameWorkProject\TestCasesRB\HandlingMultipleWindows.robot' on line 4: Setting 'Documentation' is allowed only once. Only the first value is used.</msg>
</errors>
</robot>
