<?xml version="1.0" encoding="UTF-8"?>
<robot generator="Robot 6.0.2 (Python 3.11.2 on win32)" generated="20230510 18:45:20.221" rpa="false" schemaversion="3">
<suite id="s1" name="Suites">
<suite id="s1-s1" name="HandlingFrames" source="C:\Users\Ravi Singavarapu\PycharmProjects\RobotFrameWorkProject\TestCasesRB\HandlingFrames.robot">
<test id="s1-s1-t1" name="Validating Frames" line="9">
<kw name="Open Browser To Validate">
<kw name="Open Browser" library="SeleniumLibrary">
<arg>${LOGIN URL}</arg>
<arg>${BROWSER}</arg>
<doc>Opens a new browser instance to the optional ``url``.</doc>
<msg timestamp="20230510 18:45:20.704" level="INFO">Opening browser 'Chrome' to base url 'https://practice.expandtesting.com/'.</msg>
<status status="PASS" starttime="20230510 18:45:20.697" endtime="20230510 18:45:24.190"/>
</kw>
<kw name="Maximize Browser Window" library="SeleniumLibrary">
<doc>Maximizes current browser window.</doc>
<status status="PASS" starttime="20230510 18:45:24.190" endtime="20230510 18:45:24.315"/>
</kw>
<status status="PASS" starttime="20230510 18:45:20.697" endtime="20230510 18:45:24.315"/>
</kw>
<kw name="Scrolling using JsExecutor">
<kw name="Sleep" library="BuiltIn">
<arg>2</arg>
<doc>Pauses the test executed for the given time.</doc>
<msg timestamp="20230510 18:45:26.315" level="INFO">Slept 2 seconds</msg>
<status status="PASS" starttime="20230510 18:45:24.315" endtime="20230510 18:45:26.315"/>
</kw>
<kw name="Execute Javascript" library="SeleniumLibrary">
<arg>window.scrollTo(0,1890)</arg>
<doc>Executes the given JavaScript code with possible arguments.</doc>
<msg timestamp="20230510 18:45:26.317" level="INFO">Executing JavaScript:
window.scrollTo(0,1890)
Without any arguments.</msg>
<status status="PASS" starttime="20230510 18:45:26.316" endtime="20230510 18:45:26.323"/>
</kw>
<kw name="Sleep" library="BuiltIn">
<arg>2</arg>
<doc>Pauses the test executed for the given time.</doc>
<msg timestamp="20230510 18:45:28.325" level="INFO">Slept 2 seconds</msg>
<status status="PASS" starttime="20230510 18:45:26.323" endtime="20230510 18:45:28.325"/>
</kw>
<status status="PASS" starttime="20230510 18:45:24.315" endtime="20230510 18:45:28.325"/>
</kw>
<kw name="HandlingFrames">
<kw name="Click Link" library="SeleniumLibrary">
<arg>IFrame</arg>
<doc>Clicks a link identified by ``locator``.</doc>
<msg timestamp="20230510 18:45:28.331" level="INFO">Clicking link 'IFrame'.</msg>
<status status="PASS" starttime="20230510 18:45:28.326" endtime="20230510 18:45:31.447"/>
</kw>
<kw name="Select Frame" library="SeleniumLibrary">
<arg>xpath://iframe[@class='tox-edit-area__iframe']</arg>
<doc>Sets frame identified by ``locator`` as the current frame.</doc>
<msg timestamp="20230510 18:45:31.449" level="INFO">Selecting frame 'xpath://iframe[@class='tox-edit-area__iframe']'.</msg>
<status status="PASS" starttime="20230510 18:45:31.447" endtime="20230510 18:45:31.524"/>
</kw>
<kw name="Input Text" library="SeleniumLibrary">
<arg>xpath://body[@id='tinymce']</arg>
<arg>Hi this is me</arg>
<doc>Types the given ``text`` into the text field identified by ``locator``.</doc>
<msg timestamp="20230510 18:45:31.524" level="INFO">Typing text 'Hi this is me' into text field 'xpath://body[@id='tinymce']'.</msg>
<status status="PASS" starttime="20230510 18:45:31.524" endtime="20230510 18:45:31.852"/>
</kw>
<kw name="Sleep" library="BuiltIn">
<arg>5</arg>
<doc>Pauses the test executed for the given time.</doc>
<msg timestamp="20230510 18:45:36.857" level="INFO">Slept 5 seconds</msg>
<status status="PASS" starttime="20230510 18:45:31.857" endtime="20230510 18:45:36.857"/>
</kw>
<kw name="Unselect Frame" library="SeleniumLibrary">
<doc>Sets the main frame as the current frame.</doc>
<status status="PASS" starttime="20230510 18:45:36.857" endtime="20230510 18:45:36.861"/>
</kw>
<kw name="Sleep" library="BuiltIn">
<arg>3</arg>
<doc>Pauses the test executed for the given time.</doc>
<msg timestamp="20230510 18:45:39.864" level="INFO">Slept 3 seconds</msg>
<status status="PASS" starttime="20230510 18:45:36.861" endtime="20230510 18:45:39.864"/>
</kw>
<kw name="Select Frame" library="SeleniumLibrary">
<arg>id:iframe-youtube</arg>
<doc>Sets frame identified by ``locator`` as the current frame.</doc>
<msg timestamp="20230510 18:45:39.864" level="INFO">Selecting frame 'id:iframe-youtube'.</msg>
<status status="PASS" starttime="20230510 18:45:39.864" endtime="20230510 18:45:39.921"/>
</kw>
<kw name="Click Element" library="SeleniumLibrary">
<arg>xpath://div[@id='player']</arg>
<doc>Click the element identified by ``locator``.</doc>
<msg timestamp="20230510 18:45:39.922" level="INFO">Clicking element 'xpath://div[@id='player']'.</msg>
<status status="PASS" starttime="20230510 18:45:39.922" endtime="20230510 18:45:40.237"/>
</kw>
<kw name="Sleep" library="BuiltIn">
<arg>6</arg>
<doc>Pauses the test executed for the given time.</doc>
<msg timestamp="20230510 18:45:46.239" level="INFO">Slept 6 seconds</msg>
<status status="PASS" starttime="20230510 18:45:40.238" endtime="20230510 18:45:46.239"/>
</kw>
<kw name="Unselect Frame" library="SeleniumLibrary">
<doc>Sets the main frame as the current frame.</doc>
<status status="PASS" starttime="20230510 18:45:46.239" endtime="20230510 18:45:46.249"/>
</kw>
<status status="PASS" starttime="20230510 18:45:28.326" endtime="20230510 18:45:46.253"/>
</kw>
<status status="PASS" starttime="20230510 18:45:20.697" endtime="20230510 18:45:46.253"/>
</test>
<doc>RobotFrameWork by RaviBabu.</doc>
<status status="PASS" starttime="20230510 18:45:20.262" endtime="20230510 18:45:46.254"/>
</suite>
<status status="PASS" starttime="20230510 18:45:20.234" endtime="20230510 18:45:46.254"/>
</suite>
<statistics>
<total>
<stat pass="1" fail="0" skip="0">All Tests</stat>
</total>
<tag>
</tag>
<suite>
<stat pass="1" fail="0" skip="0" id="s1" name="Suites">Suites</stat>
<stat pass="1" fail="0" skip="0" id="s1-s1" name="HandlingFrames">Suites.HandlingFrames</stat>
</suite>
</statistics>
<errors>
<msg timestamp="20230510 18:45:20.214" level="ERROR">Error in file 'C:\Users\Ravi Singavarapu\PycharmProjects\RobotFrameWorkProject\TestCasesRB\HandlingMultipleWindows.robot' on line 4: Setting 'Documentation' is allowed only once. Only the first value is used.</msg>
</errors>
</robot>
